2020-11-18 11:58:29,234 Libraries imported and logging started
2020-11-18 11:59:30,064 Data pre-processing completed, 5295872 households loaded
2020-11-18 11:59:30,065 Helper functions defined
2020-11-18 12:00:10,570 Objective function evaluated at one value
2020-11-18 14:23:51,424      fun: 273824.89706874575
     jac: array([   40.83267413, -1658.41192938,  -118.94153431,  1973.12911041,
        2113.52016777,   -70.48947737,   -20.96057869,  -271.61440812,
        -281.6086635 ])
 message: 'Converged (|f_n-f_(n-1)| ~= 0)'
    nfev: 25
     nit: 4
  status: 1
 success: True
       x: array([-2.46715034, -6.00794017,  0.60110899, -0.41135475, -0.38468248,
       -1.64226791, -0.82976736, -0.07081046,  0.06440877])
2020-11-18 16:04:00,787 One optimisation run
2020-11-18 16:04:00,787 Baseline probability of infection from outside is 0.2 (0.2,0.2) %
2020-11-18 16:04:02,050 Baseline SAR is 7.6 (7.4,7.8) %
2020-11-18 16:04:02,050 Relative external exposure for <=9yo 66.3 (63.9,68.7) %
2020-11-18 16:04:02,051 Relative external exposure for 10-18yo 68.1 (65.7,70.5) %
2020-11-18 16:04:02,053 Relative susceptibility for <=9yo 19.4 (17.7,21.2) %
2020-11-18 16:04:02,053 Relative susceptibility for 10-18yo 43.6 (40.2,47.3) %
2020-11-18 16:04:02,053 Relative transmissibility for <=9yo 93.2 (nan,nan) %
2020-11-18 16:04:02,053 Relative transmissibility for 10-18yo 106.7 (nan,nan) %
